{
  "RSpec": {
    "coverage": {
      "/Users/trevorslater/Documents/Class_assignments/rails projects/yohol/config/environment.rb": [
        null,
        1,
        null,
        null,
        1
      ],
      "/Users/trevorslater/Documents/Class_assignments/rails projects/yohol/config/application.rb": [
        1,
        null,
        1,
        null,
        1,
        1,
        1,
        1,
        1,
        1,
        1,
        null,
        null,
        null,
        null,
        1,
        null,
        1,
        1,
        null,
        null,
        null,
        null,
        null,
        null,
        null,
        null,
        null,
        null,
        null,
        null,
        null,
        1,
        null,
        null
      ],
      "/Users/trevorslater/Documents/Class_assignments/rails projects/yohol/config/boot.rb": [
        1,
        null,
        1
      ],
      "/Users/trevorslater/Documents/Class_assignments/rails projects/yohol/config/environments/test.rb": [
        1,
        null,
        null,
        null,
        null,
        null,
        null,
        1,
        null,
        null,
        null,
        null,
        1,
        null,
        null,
        1,
        1,
        null,
        null,
        1,
        1,
        null,
        null,
        1,
        null,
        null,
        1,
        null,
        null,
        null,
        null,
        1,
        null,
        null,
        1,
        null,
        null,
        1,
        null,
        null,
        null,
        null
      ],
      "/Users/trevorslater/Documents/Class_assignments/rails projects/yohol/config/initializers/assets.rb": [
        null,
        null,
        null,
        1,
        null,
        null,
        null,
        null,
        null,
        null,
        null
      ],
      "/Users/trevorslater/Documents/Class_assignments/rails projects/yohol/config/initializers/backtrace_silencers.rb": [
        null,
        null,
        null,
        null,
        null,
        null,
        null
      ],
      "/Users/trevorslater/Documents/Class_assignments/rails projects/yohol/config/initializers/cookies_serializer.rb": [
        null,
        null,
        1
      ],
      "/Users/trevorslater/Documents/Class_assignments/rails projects/yohol/config/initializers/devise.rb": [
        null,
        null,
        1,
        null,
        null,
        null,
        null,
        null,
        null,
        null,
        null,
        null,
        null,
        null,
        1,
        null,
        null,
        null,
        null,
        null,
        null,
        null,
        null,
        1,
        null,
        null,
        null,
        null,
        null,
        null,
        null,
        null,
        null,
        null,
        null,
        null,
        null,
        null,
        null,
        null,
        null,
        null,
        null,
        null,
        null,
        1,
        null,
        null,
        null,
        null,
        1,
        null,
        null,
        null,
        null,
        null,
        null,
        null,
        null,
        null,
        null,
        null,
        null,
        null,
        null,
        null,
        null,
        null,
        null,
        null,
        null,
        null,
        null,
        null,
        null,
        null,
        null,
        null,
        null,
        null,
        null,
        1,
        null,
        null,
        null,
        null,
        null,
        null,
        null,
        null,
        null,
        null,
        null,
        null,
        null,
        null,
        null,
        null,
        1,
        null,
        null,
        null,
        null,
        null,
        null,
        null,
        null,
        null,
        null,
        null,
        null,
        null,
        null,
        null,
        null,
        null,
        null,
        null,
        null,
        null,
        null,
        null,
        null,
        1,
        null,
        null,
        null,
        null,
        null,
        null,
        null,
        null,
        null,
        1,
        null,
        null,
        null,
        null,
        null,
        null,
        null,
        null,
        null,
        null,
        1,
        null,
        null,
        null,
        null,
        null,
        null,
        null,
        null,
        null,
        null,
        null,
        null,
        null,
        null,
        null,
        null,
        null,
        null,
        null,
        null,
        null,
        null,
        null,
        null,
        null,
        null,
        null,
        null,
        null,
        null,
        null,
        null,
        null,
        null,
        null,
        null,
        null,
        null,
        null,
        null,
        null,
        null,
        null,
        null,
        null,
        1,
        null,
        null,
        null,
        null,
        null,
        null,
        null,
        null,
        null,
        null,
        null,
        null,
        null,
        null,
        null,
        null,
        null,
        null,
        null,
        null,
        null,
        null,
        null,
        null,
        null,
        null,
        null,
        null,
        null,
        null,
        null,
        null,
        null,
        null,
        null,
        null,
        null,
        null,
        null,
        null,
        null,
        1,
        null,
        null,
        null,
        null,
        null,
        null,
        null,
        null,
        null,
        null,
        null,
        null,
        null,
        null,
        null,
        null,
        null,
        null,
        null,
        null,
        null,
        null,
        null,
        null,
        null,
        null,
        null,
        null,
        null
      ],
      "/Users/trevorslater/Documents/Class_assignments/rails projects/yohol/config/initializers/filter_parameter_logging.rb": [
        null,
        null,
        null,
        1
      ],
      "/Users/trevorslater/Documents/Class_assignments/rails projects/yohol/config/initializers/inflections.rb": [
        null,
        null,
        null,
        null,
        null,
        null,
        null,
        null,
        null,
        null,
        null,
        null,
        null,
        null,
        null,
        null
      ],
      "/Users/trevorslater/Documents/Class_assignments/rails projects/yohol/config/initializers/mime_types.rb": [
        null,
        null,
        null,
        null
      ],
      "/Users/trevorslater/Documents/Class_assignments/rails projects/yohol/config/initializers/session_store.rb": [
        null,
        null,
        1
      ],
      "/Users/trevorslater/Documents/Class_assignments/rails projects/yohol/config/initializers/wrap_parameters.rb": [
        null,
        null,
        null,
        null,
        null,
        null,
        1,
        1,
        null,
        null,
        null,
        null,
        null,
        null
      ],
      "/Users/trevorslater/Documents/Class_assignments/rails projects/yohol/spec/factories/bucket_lists.rb": [
        1,
        1,
        null,
        null,
        null,
        null
      ],
      "/Users/trevorslater/Documents/Class_assignments/rails projects/yohol/spec/factories/goals.rb": [
        1,
        1,
        1,
        1,
        1,
        1,
        1,
        1,
        null,
        null,
        null
      ],
      "/Users/trevorslater/Documents/Class_assignments/rails projects/yohol/spec/factories/users.rb": [
        1,
        1,
        3,
        1,
        1,
        1,
        1,
        null,
        null
      ],
      "/Users/trevorslater/Documents/Class_assignments/rails projects/yohol/app/models/user.rb": [
        1,
        null,
        null,
        1,
        null,
        null,
        1,
        null,
        1,
        null,
        null,
        null
      ],
      "/Users/trevorslater/Documents/Class_assignments/rails projects/yohol/config/routes.rb": [
        1,
        null,
        null,
        1,
        null,
        null,
        1,
        null,
        null,
        1,
        1,
        1,
        null,
        null,
        1,
        1,
        null,
        null,
        null,
        null,
        null,
        null,
        null,
        null,
        null,
        null,
        null,
        null,
        null,
        null,
        null,
        null,
        null,
        null,
        null,
        null,
        null,
        null,
        null,
        null,
        null,
        null,
        null,
        null,
        null,
        null,
        null,
        null,
        null,
        null,
        null,
        null,
        null,
        null,
        null,
        null,
        null,
        null,
        null,
        null,
        null,
        null,
        null,
        null,
        null,
        null,
        null,
        null,
        null,
        null,
        null,
        null
      ],
      "/Users/trevorslater/Documents/Class_assignments/rails projects/yohol/app/helpers/application_helper.rb": [
        1,
        null
      ],
      "/Users/trevorslater/Documents/Class_assignments/rails projects/yohol/app/helpers/goals_helper.rb": [
        1,
        null
      ],
      "/Users/trevorslater/Documents/Class_assignments/rails projects/yohol/app/helpers/static_pages_helper.rb": [
        1,
        null
      ],
      "/Users/trevorslater/Documents/Class_assignments/rails projects/yohol/app/helpers/users_helper.rb": [
        1,
        null
      ],
      "/Users/trevorslater/Documents/Class_assignments/rails projects/yohol/app/controllers/users_controller.rb": [
        1,
        1,
        null,
        null,
        1,
        1,
        1,
        null,
        null,
        null,
        null,
        null,
        null,
        1,
        null,
        1,
        0,
        null,
        null
      ],
      "/Users/trevorslater/Documents/Class_assignments/rails projects/yohol/app/controllers/application_controller.rb": [
        1,
        null,
        null,
        1,
        1,
        null
      ],
      "/Users/trevorslater/Documents/Class_assignments/rails projects/yohol/app/models/goal.rb": [
        1,
        1,
        null,
        1,
        1,
        null,
        null,
        null
      ]
    },
    "timestamp": 1443579368
  }
}
